<?xml version="1.0" encoding="UTF-8"?>
<testsuite xmlns:xsi="http://www.w3.org/2001/XMLSchema-instance" xsi:noNamespaceSchemaLocation="https://maven.apache.org/surefire/maven-surefire-plugin/xsd/surefire-test-report-3.0.xsd" version="3.0" name="com.example.DemoTest" time="0.081" tests="4" errors="0" skipped="0" failures="0">
  <properties>
    <property name="java.specification.version" value="17"/>
    <property name="sun.cpu.isalist" value="amd64"/>
    <property name="sun.jnu.encoding" value="GBK"/>
    <property name="java.class.path" value="D:\Desktop\study\notes\selfstudy\html\examples\maven\demo1\target\test-classes;D:\Desktop\study\notes\selfstudy\html\examples\maven\demo1\target\classes;D:\maven\mvn_packages\ch\qos\logback\logback-classic\1.2.10\logback-classic-1.2.10.jar;D:\maven\mvn_packages\ch\qos\logback\logback-core\1.2.10\logback-core-1.2.10.jar;D:\maven\mvn_packages\org\slf4j\slf4j-api\1.7.32\slf4j-api-1.7.32.jar;D:\maven\mvn_packages\junit\junit\4.12\junit-4.12.jar;D:\maven\mvn_packages\org\hamcrest\hamcrest-core\1.3\hamcrest-core-1.3.jar;"/>
    <property name="java.vm.vendor" value="Oracle Corporation"/>
    <property name="sun.arch.data.model" value="64"/>
    <property name="user.variant" value=""/>
    <property name="java.vendor.url" value="https://java.oracle.com/"/>
    <property name="user.timezone" value="Asia/Shanghai"/>
    <property name="user.country.format" value="GB"/>
    <property name="os.name" value="Windows 11"/>
    <property name="java.vm.specification.version" value="17"/>
    <property name="sun.java.launcher" value="SUN_STANDARD"/>
    <property name="user.country" value="CN"/>
    <property name="sun.boot.library.path" value="C:\Program Files\Java\jdk-17\bin"/>
    <property name="sun.java.command" value="C:\Users\hongl\AppData\Local\Temp\surefire17643357731775255395\surefirebooter-20240814161940863_3.jar C:\Users\hongl\AppData\Local\Temp\surefire17643357731775255395 2024-08-14T16-19-34_715-jvmRun1 surefire-20240814161940863_1tmp surefire_0-20240814161940863_2tmp"/>
    <property name="jdk.debug" value="release"/>
    <property name="surefire.test.class.path" value="D:\Desktop\study\notes\selfstudy\html\examples\maven\demo1\target\test-classes;D:\Desktop\study\notes\selfstudy\html\examples\maven\demo1\target\classes;D:\maven\mvn_packages\ch\qos\logback\logback-classic\1.2.10\logback-classic-1.2.10.jar;D:\maven\mvn_packages\ch\qos\logback\logback-core\1.2.10\logback-core-1.2.10.jar;D:\maven\mvn_packages\org\slf4j\slf4j-api\1.7.32\slf4j-api-1.7.32.jar;D:\maven\mvn_packages\junit\junit\4.12\junit-4.12.jar;D:\maven\mvn_packages\org\hamcrest\hamcrest-core\1.3\hamcrest-core-1.3.jar;"/>
    <property name="sun.cpu.endian" value="little"/>
    <property name="user.home" value="C:\Users\hongl"/>
    <property name="user.language" value="zh"/>
    <property name="java.specification.vendor" value="Oracle Corporation"/>
    <property name="java.version.date" value="2024-01-16"/>
    <property name="java.home" value="C:\Program Files\Java\jdk-17"/>
    <property name="file.separator" value="\"/>
    <property name="basedir" value="D:\Desktop\study\notes\selfstudy\html\examples\maven\demo1"/>
    <property name="java.vm.compressedOopsMode" value="Zero based"/>
    <property name="line.separator" value="&#10;"/>
    <property name="java.vm.specification.vendor" value="Oracle Corporation"/>
    <property name="java.specification.name" value="Java Platform API Specification"/>
    <property name="surefire.real.class.path" value="C:\Users\hongl\AppData\Local\Temp\surefire17643357731775255395\surefirebooter-20240814161940863_3.jar"/>
    <property name="user.script" value=""/>
    <property name="sun.management.compiler" value="HotSpot 64-Bit Tiered Compilers"/>
    <property name="java.runtime.version" value="17.0.10+11-LTS-240"/>
    <property name="user.name" value="hongl"/>
    <property name="path.separator" value=";"/>
    <property name="os.version" value="10.0"/>
    <property name="java.runtime.name" value="Java(TM) SE Runtime Environment"/>
    <property name="file.encoding" value="GBK"/>
    <property name="java.vm.name" value="Java HotSpot(TM) 64-Bit Server VM"/>
    <property name="localRepository" value="D:\maven\mvn_packages"/>
    <property name="java.vendor.url.bug" value="https://bugreport.java.com/bugreport/"/>
    <property name="java.io.tmpdir" value="C:\Users\hongl\AppData\Local\Temp\"/>
    <property name="java.version" value="17.0.10"/>
    <property name="user.dir" value="D:\Desktop\study\notes\selfstudy\html\examples\maven\demo1"/>
    <property name="os.arch" value="amd64"/>
    <property name="java.vm.specification.name" value="Java Virtual Machine Specification"/>
    <property name="user.language.format" value="en"/>
    <property name="sun.os.patch.level" value=""/>
    <property name="native.encoding" value="GBK"/>
    <property name="java.library.path" value="C:\Program Files\Java\jdk-17\bin;C:\Windows\Sun\Java\bin;C:\Windows\system32;C:\Windows;C:\Users\hongl\anaconda3;C:\Users\hongl\anaconda3\Library\mingw-w64\bin;C:\Users\hongl\anaconda3\Library\usr\bin;C:\Users\hongl\anaconda3\Library\bin;C:\Users\hongl\anaconda3\Scripts;C:\Users\hongl\anaconda3\bin;C:\Users\hongl\anaconda3\condabin;C:\Python312\Scripts;C:\Python312;C:\Program Files\Common Files\Oracle\Java\javapath;\usr\bin\xelatex;C:\Users\hongl\AppData\Roaming\Python\Python312\Scripts;C:\Program Files\NVIDIA GPU Computing Toolkit\CUDA\v12.2\bin;C:\Program Files\NVIDIA GPU Computing Toolkit\CUDA\v12.2\libnvvp;C:\Users\hongl\anaconda3;C:\Users\hongl\anaconda3\Scripts;C:\Users\hongl\anaconda3\Library\bin;C:\Users\hongl\anaconda3\mingw-w64\bin;C:\Windows\system32;C:\Windows;C:\Windows\System32\Wbem;C:\Windows\System32\WindowsPowerShell\v1.0;C:\Windows\System32\OpenSSH;C:\Program Files (x86)\NVIDIA Corporation\PhysX\Common;C:\Program Files\NVIDIA Corporation\NVIDIA NvDLISR;C:\Program Files\dotnet;C:\Program Files\NVIDIA Corporation\Nsight Compute 2023.2.2;C:\Program Files\Git\cmd;D:\Program Files\7-zip;D:\Program Files\NetSarang\Xshell 7;D:\Program Files\NetSarang;C:\ProgramData\chocolatey\bin;D:\Program Files\nodejs;C:\Program Files\Docker\Docker\resources\bin;D:\Program Files\Neo4j Desktop\bin;D:\maven\bin;C:\Users\hongl\AppData\Local\Microsoft\WindowsApps;C:\ghcup\bin;D:\Program Files\Microsoft VS Code\bin;C:\Users\hongl\AppData\Local\Programs\MiKTeX\miktex\bin\x64;D:\Program Files\IntelliJ IDEA 2023.2.5\bin;C:\Users\hongl\AppData\Local\GitHubDesktop\bin;C:\Users\hongl\AppData\Local\JetBrains\Toolbox\scripts;.;D:\Program Files\IntelliJ IDEA 2023.3.4\bin;.;C:\Users\hongl\AppData\Roaming\npm;C:\Users\hongl\AppData\Local\Programs\Ollama;."/>
    <property name="java.vm.info" value="mixed mode, sharing"/>
    <property name="java.vendor" value="Oracle Corporation"/>
    <property name="java.vm.version" value="17.0.10+11-LTS-240"/>
    <property name="sun.io.unicode.encoding" value="UnicodeLittle"/>
    <property name="java.class.version" value="61.0"/>
  </properties>
  <testcase name="test1" classname="com.example.DemoTest" time="0.016">
    <system-out><![CDATA[hello test1
]]></system-out>
  </testcase>
  <testcase name="test2" classname="com.example.DemoTest" time="0.002">
    <system-out><![CDATA[hello test2
]]></system-out>
  </testcase>
  <testcase name="test3" classname="com.example.DemoTest" time="0.003">
    <system-out><![CDATA[hello test3
]]></system-out>
  </testcase>
  <testcase name="test4" classname="com.example.DemoTest" time="0.002">
    <system-out><![CDATA[hello test4
]]></system-out>
  </testcase>
</testsuite>